<?xml version="1.0" encoding="UTF-8"?>
<!-- Generated by org.testng.reporters.JUnitXMLReporter -->
<testsuite hostname="Murthy-PC" ignored="0" name="seeTests" tests="2" failures="1" timestamp="19 Sep 2018 16:28:04 GMT" time="74.422" errors="0">
  <testcase name="doLogin" time="33.184" classname="facebook.testCases.LoginTest"/>
  <testcase name="doLogin" time="40.725" classname="facebook.testCases.LoginTest">
    <failure type="java.lang.AssertionError" message="test failed">
      <![CDATA[java.lang.AssertionError: test failed
	at base.BaseTest.reportFailure(BaseTest.java:84)
	at facebook.testCases.LoginTest.doLogin(LoginTest.java:56)
... Removed 26 stack frames]]>
    </failure>
  </testcase> <!-- doLogin -->
</testsuite> <!-- seeTests -->
