<?xml version="1.0" encoding="UTF-8"?>
<testng-results skipped="0" failed="1" ignored="0" total="2" passed="1">
  <reporter-output>
  </reporter-output>
  <suite name="mySuite" duration-ms="74422" started-at="2018-09-19T16:26:49Z" finished-at="2018-09-19T16:28:04Z">
    <groups>
    </groups>
    <test name="seeTests" duration-ms="74422" started-at="2018-09-19T16:26:49Z" finished-at="2018-09-19T16:28:04Z">
      <class name="facebook.testCases.LoginTest">
        <test-method status="PASS" signature="doLogin(java.util.Hashtable)[pri:0, instance:facebook.testCases.LoginTest@ff4249]" name="doLogin" duration-ms="33184" started-at="2018-09-19T21:56:50Z" data-provider="giveData" finished-at="2018-09-19T21:57:23Z">
          <params>
            <param index="0">
              <value>
                <![CDATA[{password=computer8, browser=mozilla, userName=mallimurthy2@gmail.com, runmode=y, expectedResult=success}]]>
              </value>
            </param>
          </params>
          <reporter-output>
          </reporter-output>
        </test-method> <!-- doLogin -->
        <test-method status="PASS" signature="quit()[pri:0, instance:facebook.testCases.LoginTest@ff4249]" name="quit" is-config="true" duration-ms="373" started-at="2018-09-19T21:57:23Z" finished-at="2018-09-19T21:57:23Z">
          <reporter-output>
          </reporter-output>
        </test-method> <!-- quit -->
        <test-method status="FAIL" signature="doLogin(java.util.Hashtable)[pri:0, instance:facebook.testCases.LoginTest@ff4249]" name="doLogin" duration-ms="40725" started-at="2018-09-19T21:57:23Z" data-provider="giveData" finished-at="2018-09-19T21:58:04Z">
          <params>
            <param index="0">
              <value>
                <![CDATA[{password=some, browser=chrome, userName=some@gmail.com, runmode=y, expectedResult=success}]]>
              </value>
            </param>
          </params>
          <exception class="java.lang.AssertionError">
            <message>
              <![CDATA[test failed]]>
            </message>
            <full-stacktrace>
              <![CDATA[java.lang.AssertionError: test failed
	at org.testng.Assert.fail(Assert.java:94)
	at base.BaseTest.reportFailure(BaseTest.java:84)
	at facebook.testCases.LoginTest.doLogin(LoginTest.java:56)
	at sun.reflect.NativeMethodAccessorImpl.invoke0(Native Method)
	at sun.reflect.NativeMethodAccessorImpl.invoke(NativeMethodAccessorImpl.java:62)
	at sun.reflect.DelegatingMethodAccessorImpl.invoke(DelegatingMethodAccessorImpl.java:43)
	at java.lang.reflect.Method.invoke(Method.java:498)
	at org.testng.internal.MethodInvocationHelper.invokeMethod(MethodInvocationHelper.java:104)
	at org.testng.internal.Invoker.invokeMethod(Invoker.java:645)
	at org.testng.internal.Invoker.invokeTestMethod(Invoker.java:851)
	at org.testng.internal.Invoker.invokeTestMethods(Invoker.java:1177)
	at org.testng.internal.TestMethodWorker.invokeTestMethods(TestMethodWorker.java:129)
	at org.testng.internal.TestMethodWorker.run(TestMethodWorker.java:112)
	at org.testng.TestRunner.privateRun(TestRunner.java:756)
	at org.testng.TestRunner.run(TestRunner.java:610)
	at org.testng.SuiteRunner.runTest(SuiteRunner.java:387)
	at org.testng.SuiteRunner.runSequentially(SuiteRunner.java:382)
	at org.testng.SuiteRunner.privateRun(SuiteRunner.java:340)
	at org.testng.SuiteRunner.run(SuiteRunner.java:289)
	at org.testng.SuiteRunnerWorker.runSuite(SuiteRunnerWorker.java:52)
	at org.testng.SuiteRunnerWorker.run(SuiteRunnerWorker.java:86)
	at org.testng.TestNG.runSuitesSequentially(TestNG.java:1293)
	at org.testng.TestNG.runSuitesLocally(TestNG.java:1218)
	at org.testng.TestNG.runSuites(TestNG.java:1133)
	at org.testng.TestNG.run(TestNG.java:1104)
	at org.testng.remote.AbstractRemoteTestNG.run(AbstractRemoteTestNG.java:114)
	at org.testng.remote.RemoteTestNG.initAndRun(RemoteTestNG.java:251)
	at org.testng.remote.RemoteTestNG.main(RemoteTestNG.java:77)
]]>
            </full-stacktrace>
          </exception> <!-- java.lang.AssertionError -->
          <reporter-output>
          </reporter-output>
        </test-method> <!-- doLogin -->
        <test-method status="PASS" signature="quit()[pri:0, instance:facebook.testCases.LoginTest@ff4249]" name="quit" is-config="true" duration-ms="53" started-at="2018-09-19T21:58:04Z" finished-at="2018-09-19T21:58:04Z">
          <reporter-output>
          </reporter-output>
        </test-method> <!-- quit -->
      </class> <!-- facebook.testCases.LoginTest -->
    </test> <!-- seeTests -->
  </suite> <!-- mySuite -->
</testng-results>
